{
    "command": {
        "n_iter": "16",
        "n_node": "15",
        "rule": "step_split_merge"
    },
    "num_nodes": [
        1,
        2,
        4,
        6,
        8,
        10,
        14,
        16,
        20,
        24
    ],
    "num_jobs": [
        40,
        40,
        40,
        40,
        40,
        40,
        40,
        40,
        40,
        40
    ],
    "num_threads": [
        1,
        1,
        1,
        1,
        1,
        1,
        1,
        1,
        1,
        1
    ],
    "exec_time": [
        71.69999,
        37.955601,
        20.189505,
        14.04859,
        11.339632,
        9.741025,
        7.656087,
        6.940004,
        6.394014,
        5.903041
    ],
    "total_num_objects": [
        140000000,
        140000000,
        140000000,
        139999440,
        140000000,
        140000000,
        139998880,
        140000000,
        140000000,
        139997760
    ],
    "total_num_symbolic": [
        2245583200,
        2294726000,
        2275504320,
        2313575280,
        2316949120,
        2295137200,
        2300166960,
        2281233920,
        2285930400,
        2315138880
    ],
    "accuracy": [
        0.170479,
        0.16565,
        0.167875,
        0.163161,
        0.161627,
        0.163118,
        0.162288,
        0.164397,
        0.160301,
        0.159612
    ],
    "avg_memory_usage": [
        [
            0.682263,
            0.696304,
            0.69297,
            0.635761,
            0.572868,
            0.618451
        ],
        [
            0.399756,
            0.396511,
            0.389917,
            0.367867,
            0.353716,
            0.36398
        ],
        [
            0.253842,
            0.249854,
            0.245238,
            0.235303,
            0.229262,
            0.234358
        ],
        [
            0.203433,
            0.202024,
            0.198051,
            0.189632,
            0.186745,
            0.190211
        ],
        [
            0.176214,
            0.172386,
            0.16933,
            0.163223,
            0.163758,
            0.16528
        ],
        [
            0.159959,
            0.158957,
            0.156392,
            0.15117,
            0.15321,
            0.155231
        ],
        [
            0.148464,
            0.146907,
            0.144675,
            0.143425,
            0.144337,
            0.145402
        ],
        [
            0.142064,
            0.142338,
            0.142683,
            0.140644,
            0.13966,
            0.140827
        ],
        [
            0.13777,
            0.138015,
            0.136932,
            0.13434,
            0.133981,
            0.134752
        ],
        [
            0.131884,
            0.132045,
            0.130973,
            0.128913,
            0.129206,
            0.129693
        ]
    ],
    "max_memory_usage": [
        [
            0.707259,
            0.718581,
            0.692981,
            0.635778,
            0.581081,
            0.643417
        ],
        [
            0.417446,
            0.406226,
            0.393528,
            0.367908,
            0.368025,
            0.377044
        ],
        [
            0.266389,
            0.253188,
            0.246831,
            0.236611,
            0.237629,
            0.242167
        ],
        [
            0.210881,
            0.208847,
            0.199294,
            0.190662,
            0.190427,
            0.193512
        ],
        [
            0.186297,
            0.177442,
            0.174031,
            0.16984,
            0.17119,
            0.172917
        ],
        [
            0.166518,
            0.163901,
            0.159649,
            0.154703,
            0.156839,
            0.158938
        ],
        [
            0.15714,
            0.153501,
            0.149837,
            0.148812,
            0.149297,
            0.151103
        ],
        [
            0.149205,
            0.147954,
            0.148632,
            0.146432,
            0.144611,
            0.146042
        ],
        [
            0.143911,
            0.144174,
            0.142853,
            0.140049,
            0.140222,
            0.140832
        ],
        [
            0.138805,
            0.139096,
            0.13757,
            0.135618,
            0.135649,
            0.136139
        ]
    ],
    "proportions": {
        "pre-symbolic-iteration": [
            0.05947731652403299,
            0.05757772087445011,
            0.05514686962359899,
            0.054616370753221496,
            0.04903474821757884,
            0.045361345443626314,
            0.03638490523945195,
            0.036300267262093795,
            0.030969278453253302,
            0.029703503668702287
        ],
        "symbolic-iteration": [
            0.6013951047970858,
            0.5894764253634134,
            0.5486609007996976,
            0.5506158269264032,
            0.5108155185282909,
            0.4787045511124342,
            0.441344645117016,
            0.4220220910535498,
            0.3697531785197843,
            0.3352109531341558
        ],
        "collisions": [
            0.17514823921174885,
            0.1658382118623283,
            0.15637847485611955,
            0.14634507804697836,
            0.13535800809056237,
            0.1204848565731019,
            0.1097720023296496,
            0.10286694359253971,
            0.08775379597229534,
            0.07792864728535681
        ],
        "pre-object-generation": [
            0.051000174477011787,
            0.05190037696939643,
            0.04344024283903939,
            0.039695869834623976,
            0.03381644130955925,
            0.02988905171683678,
            0.024606695300092588,
            0.02459162847744756,
            0.019766925752743112,
            0.017206046849412026
        ],
        "object-generation": [
            0.05535925458288069,
            0.04730379582186039,
            0.049479618247203185,
            0.049843365063682546,
            0.042906595205205955,
            0.04378625452660269,
            0.03549698429497993,
            0.036725771339613064,
            0.03485478761854447,
            0.0331258075286958
        ],
        "communication": [
            0.04903329833100395,
            0.0724059408254397,
            0.10176495164195458,
            0.11519220078313908,
            0.12014940167370511,
            0.1399284982843181,
            0.18117936747583982,
            0.15688766173621804,
            0.20362420226167788,
            0.2273280839485953
        ]
    }
}