{
    "command": {
        "n_iter": "15",
        "n_node": "16",
        "rule": "step_erase_create"
    },
    "num_nodes": [
        20,
        24,
        26,
        30,
        34,
        36,
        40,
        44,
        46,
        50,
        55,
        60,
        65,
        70
    ],
    "num_jobs": [
        40,
        40,
        40,
        40,
        40,
        40,
        40,
        40,
        40,
        40,
        40,
        40,
        40,
        40
    ],
    "num_threads": [
        1,
        1,
        1,
        1,
        1,
        1,
        1,
        1,
        1,
        1,
        1,
        1,
        1,
        1
    ],
    "exec_time": [
        100.533677,
        77.126459,
        62.130736,
        56.515765,
        52.469973,
        61.118121,
        51.112617,
        51.345349,
        44.288614,
        43.502786,
        41.708531,
        36.689276,
        37.119087,
        32.205706
    ],
    "total_num_objects": [
        108000000,
        108000000,
        107995680,
        108000000,
        107997600,
        108000000,
        108000000,
        107997120,
        107993280,
        108000000,
        107989200,
        108000000,
        107998800,
        107990400
    ],
    "total_num_symbolic": [
        83617867200,
        84104061120,
        84053271120,
        84378487200,
        84349200560,
        84487888800,
        84594569600,
        84625071520,
        84653288480,
        84688768000,
        84687807600,
        85106136000,
        85584210400,
        85952227200
    ],
    "accuracy": [
        0.883626,
        0.879795,
        0.877124,
        0.875277,
        0.873743,
        0.87372,
        0.873615,
        0.874074,
        0.874349,
        0.874962,
        0.875862,
        0.871942,
        0.865564,
        0.859991
    ],
    "avg_memory_usage": [
        [
            0.630749,
            0.649873,
            0.635373,
            0.615543,
            0.618033
        ],
        [
            0.549781,
            0.564863,
            0.555507,
            0.537567,
            0.539316
        ],
        [
            0.519854,
            0.533557,
            0.524239,
            0.504037,
            0.506754
        ],
        [
            0.471254,
            0.48283,
            0.475789,
            0.436503,
            0.462683
        ],
        [
            0.410085,
            0.443924,
            0.414026,
            0.399551,
            0.399921
        ],
        [
            0.395668,
            0.404987,
            0.399826,
            0.385535,
            0.386317
        ],
        [
            0.370015,
            0.37757,
            0.373211,
            0.360281,
            0.360714
        ],
        [
            0.347908,
            0.35555,
            0.35158,
            0.338823,
            0.339437
        ],
        [
            0.336503,
            0.343165,
            0.340033,
            0.328168,
            0.328795
        ],
        [
            0.322704,
            0.328874,
            0.325593,
            0.314921,
            0.315638
        ],
        [
            0.305266,
            0.311888,
            0.309274,
            0.299025,
            0.299691
        ],
        [
            0.290761,
            0.295277,
            0.293076,
            0.272607,
            0.284973
        ],
        [
            0.265293,
            0.281573,
            0.267531,
            0.261416,
            0.261355
        ],
        [
            0.256956,
            0.27275,
            0.259236,
            0.254918,
            0.254902
        ]
    ],
    "max_memory_usage": [
        [
            0.69266,
            0.709533,
            0.696405,
            0.67724,
            0.678036
        ],
        [
            0.611999,
            0.626535,
            0.617913,
            0.599001,
            0.602217
        ],
        [
            0.582992,
            0.593243,
            0.585455,
            0.565312,
            0.568502
        ],
        [
            0.536106,
            0.542377,
            0.537373,
            0.46793,
            0.52362
        ],
        [
            0.441694,
            0.5041,
            0.446216,
            0.427529,
            0.430982
        ],
        [
            0.430047,
            0.440181,
            0.436049,
            0.417829,
            0.422016
        ],
        [
            0.405816,
            0.411402,
            0.407277,
            0.389668,
            0.393968
        ],
        [
            0.383184,
            0.388927,
            0.385249,
            0.370892,
            0.371993
        ],
        [
            0.366931,
            0.374724,
            0.370402,
            0.359396,
            0.361316
        ],
        [
            0.354759,
            0.363209,
            0.357848,
            0.349738,
            0.351784
        ],
        [
            0.337699,
            0.345825,
            0.340737,
            0.331997,
            0.334459
        ],
        [
            0.323615,
            0.329351,
            0.326084,
            0.288571,
            0.316784
        ],
        [
            0.285782,
            0.31488,
            0.288617,
            0.282063,
            0.282488
        ],
        [
            0.275036,
            0.304319,
            0.277565,
            0.27442,
            0.274861
        ]
    ],
    "proportions": {
        "pre-symbolic-iteration": [
            0.012224620014644449,
            0.012821955173645403,
            0.013782598680305349,
            0.012990428422936502,
            0.013073610691585453,
            0.011054593775878679,
            0.011518525846563484,
            0.010412744492203179,
            0.011975673928292269,
            0.011280564881522761,
            0.010791749054887594,
            0.010730001867575691,
            0.015798610563885904,
            0.010864441226657164
        ],
        "symbolic-iteration": [
            0.338208499028639,
            0.36559877590127665,
            0.41741264742139866,
            0.4014793394374118,
            0.37943979883504036,
            0.3064872854975368,
            0.3355099778984121,
            0.29796578069807256,
            0.33754418234898925,
            0.31358396218577816,
            0.2956720053266801,
            0.3057317620549394,
            0.30509745565670837,
            0.3033495679306021
        ],
        "collisions": [
            0.2282406620818216,
            0.24814943209048404,
            0.30106174824647175,
            0.290551547873412,
            0.26800360655798317,
            0.21431010616311322,
            0.2320363482855906,
            0.21427767488735933,
            0.23589873460479033,
            0.21973091562457636,
            0.22337904924054983,
            0.2396712052862531,
            0.21976936016772175,
            0.221995506013748
        ],
        "pre-object-generation": [
            0.0012613484733081037,
            0.001352583813033605,
            0.0013761626773582723,
            0.0014147733822589149,
            0.0014169628027062258,
            0.0012270337957542904,
            0.0012483610455711943,
            0.001033433427436631,
            0.0011980505869973713,
            0.001183786252218421,
            0.0011207059773934499,
            0.0010630081662009357,
            0.001060882774406601,
            0.001098066286762973
        ],
        "object-generation": [
            0.0015949182879285318,
            0.001631437533000186,
            0.0015916115978410429,
            0.0016005622501969142,
            0.001825215347452151,
            0.001377905580572413,
            0.0013313346878716854,
            0.001530615752558231,
            0.002016793752001361,
            0.001426966079827623,
            0.0014968160830214805,
            0.0014805688724956034,
            0.0012290981187118098,
            0.001641199854460573
        ],
        "communication": [
            0.41039560305747097,
            0.35990003119422354,
            0.25072894678086544,
            0.2741067027934595,
            0.3166411577913333,
            0.44777353348281107,
            0.3987164852075564,
            0.452413167938541,
            0.3863134213231419,
            0.42556145714437693,
            0.43310959573234553,
            0.41478125651757203,
            0.41840204744260007,
            0.4260218670567259
        ]
    }
}