{
    "command": {
        "n_iter": "15",
        "n_node": "16",
        "rule": "step_erase_create"
    },
    "num_nodes": [
        1,
        2,
        4,
        6,
        8,
        10,
        14,
        16,
        20,
        24
    ],
    "num_jobs": [
        40,
        40,
        40,
        40,
        40,
        40,
        40,
        40,
        40,
        40
    ],
    "num_threads": [
        1,
        1,
        1,
        1,
        1,
        1,
        1,
        1,
        1,
        1
    ],
    "exec_time": [
        69.901612,
        37.522741,
        20.379921,
        14.614948,
        11.441787,
        9.700932,
        7.63868,
        7.165594,
        7.570023,
        6.509882
    ],
    "total_num_objects": [
        5400000,
        5400000,
        5400000,
        5400000,
        5399040,
        5400000,
        5399520,
        5399040,
        5400000,
        5397120
    ],
    "total_num_symbolic": [
        4772165680,
        4769656240,
        4857846560,
        4862044080,
        4902450560,
        4942992400,
        4969486480,
        5026746880,
        5181534400,
        5186588160
    ],
    "accuracy": [
        0.464306,
        0.450898,
        0.473233,
        0.495285,
        0.492681,
        0.494532,
        0.505575,
        0.496039,
        0.459401,
        0.444832
    ],
    "avg_memory_usage": [
        [
            0.588878,
            0.765899,
            0.724566,
            0.689114,
            0.694429
        ],
        [
            0.35425,
            0.403644,
            0.443767,
            0.404394,
            0.410156
        ],
        [
            0.233547,
            0.274831,
            0.279466,
            0.254897,
            0.253747
        ],
        [
            0.188592,
            0.213713,
            0.216686,
            0.205048,
            0.205824
        ],
        [
            0.166061,
            0.187269,
            0.191209,
            0.178874,
            0.177106
        ],
        [
            0.152898,
            0.1661,
            0.170103,
            0.163905,
            0.161526
        ],
        [
            0.142283,
            0.154672,
            0.157055,
            0.151018,
            0.15034
        ],
        [
            0.138246,
            0.148909,
            0.1517,
            0.145601,
            0.143217
        ],
        [
            0.131357,
            0.137404,
            0.141085,
            0.138112,
            0.13695
        ],
        [
            0.129856,
            0.134695,
            0.1389,
            0.136031,
            0.136361
        ]
    ],
    "max_memory_usage": [
        [
            0.642628,
            0.874563,
            0.779831,
            0.733081,
            0.748771
        ],
        [
            0.374746,
            0.430948,
            0.499947,
            0.430609,
            0.438848
        ],
        [
            0.243284,
            0.303201,
            0.308437,
            0.260446,
            0.268218
        ],
        [
            0.193936,
            0.228399,
            0.230555,
            0.212834,
            0.220478
        ],
        [
            0.173235,
            0.20198,
            0.205961,
            0.179332,
            0.18459
        ],
        [
            0.162167,
            0.176485,
            0.180552,
            0.167339,
            0.172237
        ],
        [
            0.150783,
            0.16759,
            0.169031,
            0.156456,
            0.162861
        ],
        [
            0.147019,
            0.161502,
            0.164188,
            0.150956,
            0.151766
        ],
        [
            0.140871,
            0.147016,
            0.150577,
            0.144067,
            0.146213
        ],
        [
            0.137081,
            0.144497,
            0.148234,
            0.143996,
            0.146059
        ]
    ],
    "proportions": {
        "pre-symbolic-iteration": [
            0.023160424397651945,
            0.022086526141573717,
            0.02008442525366021,
            0.018938555238102797,
            0.019873818661368194,
            0.020777075852093388,
            0.01688459262595108,
            0.015819344495376097,
            0.01510061462164646,
            0.013126658824230605
        ],
        "symbolic-iteration": [
            0.5288388914407295,
            0.4988238465841287,
            0.47398907974177135,
            0.4401826130342715,
            0.437846815361971,
            0.4062537496397253,
            0.37397770295391347,
            0.35263901359747707,
            0.27458120008354003,
            0.26252764643045756
        ],
        "collisions": [
            0.3627661261946291,
            0.33266309089733076,
            0.30370088284444285,
            0.28439156950815014,
            0.27670520347914185,
            0.272380942367187,
            0.2385558761461404,
            0.224300874428554,
            0.18454976953174382,
            0.16891550415199538
        ],
        "pre-object-generation": [
            0.006550006314589712,
            0.006218362352579733,
            0.005027399272058022,
            0.004535219694247287,
            0.00485168968798318,
            0.00449946458752623,
            0.003314970649379212,
            0.0030296162467480015,
            0.002728657495492418,
            0.0023220082944667817
        ],
        "object-generation": [
            0.0018555795251188202,
            0.001550233230562767,
            0.0011379337535214196,
            0.001299149336692816,
            0.00169833610781253,
            0.001387495551973769,
            0.0013930417297229366,
            0.0015092956703938293,
            0.001969082524584139,
            0.0015613186229796482
        ],
        "communication": [
            0.07586441640287209,
            0.1177134420963543,
            0.1680840175975167,
            0.1782613937456363,
            0.1845286055403758,
            0.18783081872958185,
            0.20062955903375973,
            0.2237508851324817,
            0.35163499503237966,
            0.2943047201162786
        ]
    }
}