{
    "command": {
        "n_iter": "16",
        "n_node": "15",
        "rule": "step_split_merge"
    },
    "num_nodes": [
        20,
        20,
        20,
        20,
        20,
        20,
        24,
        26,
        30,
        34,
        36,
        40,
        44,
        46,
        50,
        55,
        60,
        65,
        70,
        75,
        80
    ],
    "num_jobs": [
        1,
        2,
        5,
        10,
        20,
        40,
        40,
        40,
        40,
        40,
        40,
        40,
        40,
        40,
        40,
        40,
        40,
        40,
        40,
        40,
        40
    ],
    "num_threads": [
        1,
        1,
        1,
        1,
        1,
        1,
        1,
        1,
        1,
        1,
        1,
        1,
        1,
        1,
        1,
        1,
        1,
        1,
        1,
        1,
        1
    ],
    "exec_time": [
        2981.971557,
        1308.105456,
        538.377534,
        286.135449,
        157.096005,
        95.404274,
        75.556594,
        73.070508,
        68.681659,
        63.609682,
        62.235674,
        55.041242,
        50.520367,
        48.717992,
        62.235135,
        39.811002,
        36.834604,
        35.429494,
        34.718962,
        34.579113,
        33.01289
    ],
    "total_num_objects": [
        2800000000,
        2800000000,
        2800000000,
        2800000000,
        2800000000,
        2800000000,
        2799995520,
        2799997200,
        2799997200,
        2799993840,
        2799992160,
        2800000000,
        2799991040,
        2799996080,
        2800000000,
        2799997200,
        2799988800,
        2799997200,
        2799997200,
        2799993000,
        2800000000
    ],
    "total_num_symbolic": [
        44548481160,
        45339509520,
        46168554800,
        46410638400,
        46572389200,
        46242051200,
        46934386560,
        47054036640,
        47035976400,
        47005896240,
        46880196480,
        46953323200,
        47173938240,
        47076753280,
        47005682000,
        47006625600,
        47117263200,
        46903352600,
        47045392800,
        47068308000,
        47126790400
    ],
    "accuracy": [
        0.183972,
        0.178865,
        0.173103,
        0.174452,
        0.172197,
        0.171698,
        0.170441,
        0.167354,
        0.169531,
        0.166705,
        0.168154,
        0.166348,
        0.16371,
        0.16543,
        0.167313,
        0.166539,
        0.165519,
        0.165777,
        0.166376,
        0.166082,
        0.165814
    ],
    "min_memory_usage": [
        [
            0.626408,
            0.611975,
            0.612599,
            0.580463,
            0.51813,
            0.53225
        ],
        [
            0.621457,
            0.618239,
            0.623065,
            0.58626,
            0.526664,
            0.548011
        ],
        [
            0.633461,
            0.638189,
            0.627886,
            0.573864,
            0.535689,
            0.561711
        ],
        [
            0.65662,
            0.652175,
            0.62225,
            0.576011,
            0.557977,
            0.573565
        ],
        [
            0.65734,
            0.659939,
            0.625084,
            0.576494,
            0.569929,
            0.583264
        ],
        [
            0.665597,
            0.66665,
            0.637311,
            0.58355,
            0.576309,
            0.590669
        ],
        [
            0.554474,
            0.552639,
            0.523085,
            0.483869,
            0.487183,
            0.496368
        ],
        [
            0.519771,
            0.524224,
            0.495296,
            0.453686,
            0.46076,
            0.469675
        ],
        [
            0.455884,
            0.458366,
            0.433373,
            0.400615,
            0.406706,
            0.41465
        ],
        [
            0.410137,
            0.410145,
            0.389368,
            0.363335,
            0.369256,
            0.37593
        ],
        [
            0.395318,
            0.393119,
            0.37585,
            0.35225,
            0.352512,
            0.35831
        ],
        [
            0.364143,
            0.366212,
            0.345979,
            0.323024,
            0.321357,
            0.330314
        ],
        [
            0.337098,
            0.340684,
            0.320715,
            0.29627,
            0.30259,
            0.306685
        ],
        [
            0.32738,
            0.33003,
            0.31489,
            0.289697,
            0.293283,
            0.301148
        ],
        [
            0.306952,
            0.307263,
            0.291988,
            0.27528,
            0.276355,
            0.281692
        ],
        [
            0.306378,
            0.307745,
            0.294067,
            0.278281,
            0.280982,
            0.285277
        ],
        [
            0.271902,
            0.273034,
            0.26247,
            0.243997,
            0.248977,
            0.252806
        ],
        [
            0.259006,
            0.258677,
            0.246231,
            0.2328,
            0.233988,
            0.236335
        ],
        [
            0.242286,
            0.245411,
            0.233668,
            0.221453,
            0.223888,
            0.225245
        ],
        [
            0.233612,
            0.233327,
            0.22313,
            0.211944,
            0.21194,
            0.216377
        ],
        [
            0.223879,
            0.223863,
            0.213851,
            0.202679,
            0.203754,
            0.206371
        ]
    ],
    "avg_memory_usage": [
        [
            0.650351,
            0.644468,
            0.649343,
            0.609728,
            0.54895,
            0.570027
        ],
        [
            0.658198,
            0.654442,
            0.646396,
            0.609723,
            0.558454,
            0.575516
        ],
        [
            0.685525,
            0.660136,
            0.645292,
            0.59194,
            0.570709,
            0.587748
        ],
        [
            0.696454,
            0.667815,
            0.637428,
            0.589785,
            0.581272,
            0.595831
        ],
        [
            0.698583,
            0.669951,
            0.638798,
            0.58729,
            0.587767,
            0.602765
        ],
        [
            0.703471,
            0.674294,
            0.646312,
            0.593531,
            0.594854,
            0.610058
        ],
        [
            0.592324,
            0.58138,
            0.549814,
            0.507194,
            0.524347,
            0.525524
        ],
        [
            0.557095,
            0.544862,
            0.513357,
            0.478283,
            0.485111,
            0.494437
        ],
        [
            0.499329,
            0.486115,
            0.458309,
            0.429531,
            0.436039,
            0.44344
        ],
        [
            0.454511,
            0.441653,
            0.415705,
            0.392176,
            0.398197,
            0.404451
        ],
        [
            0.436292,
            0.420014,
            0.400758,
            0.379108,
            0.382371,
            0.387989
        ],
        [
            0.404499,
            0.389874,
            0.370775,
            0.351094,
            0.356407,
            0.36197
        ],
        [
            0.369249,
            0.363733,
            0.346186,
            0.330677,
            0.334944,
            0.3384
        ],
        [
            0.35739,
            0.351802,
            0.337257,
            0.320574,
            0.325532,
            0.329295
        ],
        [
            0.337905,
            0.331767,
            0.316869,
            0.299396,
            0.302442,
            0.306554
        ],
        [
            0.318845,
            0.312307,
            0.297413,
            0.282916,
            0.286142,
            0.290469
        ],
        [
            0.302527,
            0.29594,
            0.282109,
            0.269019,
            0.272229,
            0.275955
        ],
        [
            0.287673,
            0.281418,
            0.269358,
            0.257061,
            0.259889,
            0.262583
        ],
        [
            0.275356,
            0.269024,
            0.2582,
            0.24777,
            0.25006,
            0.252889
        ],
        [
            0.265024,
            0.257131,
            0.247288,
            0.237347,
            0.239794,
            0.242577
        ],
        [
            0.255993,
            0.248411,
            0.238297,
            0.229625,
            0.232016,
            0.234523
        ]
    ],
    "max_memory_usage": [
        [
            0.694136,
            0.668509,
            0.683103,
            0.638627,
            0.582862,
            0.597667
        ],
        [
            0.702044,
            0.6986,
            0.671461,
            0.632616,
            0.594349,
            0.616864
        ],
        [
            0.743416,
            0.689743,
            0.662282,
            0.608176,
            0.611018,
            0.635668
        ],
        [
            0.762705,
            0.684808,
            0.652319,
            0.607741,
            0.615528,
            0.635989
        ],
        [
            0.761856,
            0.679301,
            0.64589,
            0.614036,
            0.625531,
            0.641828
        ],
        [
            0.77173,
            0.685497,
            0.657984,
            0.615984,
            0.632054,
            0.648158
        ],
        [
            0.632136,
            0.59496,
            0.558401,
            0.522106,
            0.561128,
            0.550625
        ],
        [
            0.591326,
            0.560425,
            0.522711,
            0.492512,
            0.502396,
            0.51102
        ],
        [
            0.533082,
            0.505027,
            0.465916,
            0.448311,
            0.456448,
            0.461461
        ],
        [
            0.487252,
            0.462369,
            0.421343,
            0.411343,
            0.417461,
            0.42231
        ],
        [
            0.466952,
            0.426952,
            0.4073,
            0.395156,
            0.400015,
            0.406684
        ],
        [
            0.436541,
            0.396211,
            0.375292,
            0.368015,
            0.374587,
            0.380628
        ],
        [
            0.386312,
            0.369774,
            0.353002,
            0.347503,
            0.353708,
            0.357104
        ],
        [
            0.373974,
            0.36051,
            0.34194,
            0.337754,
            0.344257,
            0.346303
        ],
        [
            0.356032,
            0.34156,
            0.323801,
            0.309689,
            0.312228,
            0.315214
        ],
        [
            0.335605,
            0.322677,
            0.301737,
            0.291902,
            0.297019,
            0.301013
        ],
        [
            0.320181,
            0.306211,
            0.28804,
            0.279112,
            0.283741,
            0.287485
        ],
        [
            0.311763,
            0.301709,
            0.280107,
            0.274519,
            0.281647,
            0.281905
        ],
        [
            0.303493,
            0.291575,
            0.271067,
            0.267106,
            0.268912,
            0.271156
        ],
        [
            0.284051,
            0.262028,
            0.252683,
            0.246793,
            0.250477,
            0.253962
        ],
        [
            0.275491,
            0.253318,
            0.242911,
            0.239765,
            0.24256,
            0.245786
        ]
    ],
    "accuracy_evolution": [
        [
            0.153765,
            0.138428,
            0.148922,
            0.219184,
            0.265014,
            0.210571
        ],
        [
            0.145227,
            0.139021,
            0.146241,
            0.209179,
            0.256215,
            0.206935
        ],
        [
            0.138838,
            0.13046,
            0.152138,
            0.204494,
            0.239674,
            0.199209
        ],
        [
            0.138561,
            0.133612,
            0.159542,
            0.200651,
            0.233025,
            0.204103
        ],
        [
            0.134269,
            0.140547,
            0.167434,
            0.204066,
            0.216107,
            0.187103
        ],
        [
            0.140058,
            0.136686,
            0.163521,
            0.202496,
            0.211743,
            0.190877
        ],
        [
            0.131758,
            0.139072,
            0.167408,
            0.204282,
            0.20595,
            0.189958
        ],
        [
            0.133878,
            0.138247,
            0.162773,
            0.198691,
            0.201075,
            0.182531
        ],
        [
            0.132815,
            0.138784,
            0.165502,
            0.197854,
            0.207069,
            0.189953
        ],
        [
            0.134755,
            0.133348,
            0.164129,
            0.197529,
            0.197204,
            0.186822
        ],
        [
            0.132856,
            0.136277,
            0.162436,
            0.200871,
            0.204605,
            0.187038
        ],
        [
            0.13114,
            0.138365,
            0.163097,
            0.194388,
            0.197175,
            0.186804
        ],
        [
            0.132003,
            0.133584,
            0.158826,
            0.18981,
            0.195939,
            0.184821
        ],
        [
            0.130664,
            0.135624,
            0.163095,
            0.198249,
            0.193192,
            0.185161
        ],
        [
            0.132103,
            0.137865,
            0.163409,
            0.199978,
            0.198494,
            0.185696
        ],
        [
            0.131227,
            0.135928,
            0.162446,
            0.199923,
            0.20141,
            0.182857
        ],
        [
            0.130548,
            0.135739,
            0.162995,
            0.194908,
            0.197808,
            0.184656
        ],
        [
            0.131399,
            0.134734,
            0.162099,
            0.195657,
            0.202209,
            0.182805
        ],
        [
            0.131685,
            0.135726,
            0.162101,
            0.198784,
            0.199197,
            0.184883
        ],
        [
            0.13055,
            0.137018,
            0.165002,
            0.200616,
            0.194839,
            0.181908
        ],
        [
            0.128387,
            0.134621,
            0.163095,
            0.193298,
            0.202473,
            0.188391
        ]
    ],
    "proportions": {
        "pre-symbolic-iteration": [
            0.05713366031277675,
            0.04904028700878685,
            0.0443568434636799,
            0.0433272600208302,
            0.0427866577510994,
            0.04792777942002892,
            0.05065213765459041,
            0.05066845847027641,
            0.045590672176395744,
            0.0434987082626824,
            0.042132378931093444,
            0.042878792597012994,
            0.0410512853162765,
            0.041274566488700926,
            0.0725598650987099,
            0.04264647747373954,
            0.04500727088039281,
            0.04053614200643114,
            0.03764317608343245,
            0.036182275699206054,
            0.038490207915756545
        ],
        "symbolic-iteration": [
            0.5787571175683082,
            0.6637904887692785,
            0.6530433938946643,
            0.6348520207295253,
            0.5905850693020488,
            0.48979709231894575,
            0.5133614942992268,
            0.5015216535787598,
            0.4578486812614704,
            0.44219400436556183,
            0.4295401380243749,
            0.4322711504220781,
            0.43213779504016664,
            0.42987851387635184,
            0.35331857157536495,
            0.4353113744788438,
            0.4395476058328196,
            0.4192187729240503,
            0.39694349157097497,
            0.37347470422390533,
            0.3692780607817129
        ],
        "collisions": [
            0.18797620543501384,
            0.12926460036108892,
            0.13296399548499735,
            0.12868841008231735,
            0.1272168633441697,
            0.1449560320536583,
            0.15555351793650202,
            0.1577981776177059,
            0.14350971050364406,
            0.13686207392138824,
            0.13098222411795524,
            0.1338030671618929,
            0.13183002015800874,
            0.13053592192387567,
            0.14384802089687762,
            0.1469029842554578,
            0.14212035508784077,
            0.13691047916179666,
            0.12459381706169673,
            0.11795094339175215,
            0.11460481042404952
        ],
        "pre-object-generation": [
            0.048481500657050036,
            0.04907866006179245,
            0.05258709587982177,
            0.05356097629133676,
            0.0506885773447899,
            0.04744111359203886,
            0.049538879425930715,
            0.047139264448524155,
            0.042938799716529856,
            0.040751390645216566,
            0.03799534652745947,
            0.039785384930085696,
            0.039476692637644535,
            0.03767273495180179,
            0.039263994526564455,
            0.03763570180926368,
            0.037835074866014576,
            0.036367129601117085,
            0.034258138247335854,
            0.030801686555696206,
            0.03145583437257387
        ],
        "object-generation": [
            0.07102134173709693,
            0.06452897479543883,
            0.0634789693880503,
            0.058092113571010205,
            0.05042668653477216,
            0.0436063902126649,
            0.044571622696491585,
            0.04237980663826779,
            0.04042699376262883,
            0.03868878011369401,
            0.03721637207624682,
            0.03751608657377317,
            0.03774329271994401,
            0.036856588834777916,
            0.04717505634076314,
            0.03796907699032544,
            0.037274596463694847,
            0.03559844800493059,
            0.03354342794004037,
            0.0339506684280768,
            0.03347783244665947
        ],
        "communication": [
            0.036632290721745474,
            0.025317029179947097,
            0.04185273637365411,
            0.07269141266030271,
            0.12925662877295957,
            0.2114741630967183,
            0.16806419304713496,
            0.17973939636494657,
            0.25000903079525205,
            0.2720755466125424,
            0.3000605247723355,
            0.2874781059627979,
            0.2914451116319088,
            0.29830102603572006,
            0.2686172208030079,
            0.2693334872606321,
            0.25895022517413246,
            0.29011455822654425,
            0.33315762723551473,
            0.36490328713752723,
            0.36448117689787235
        ]
    }
}