{
    "command": {
        "n_iter": "16",
        "n_node": "15",
        "rule": "step_split_merge"
    },
    "num_nodes": [
        1,
        2,
        4,
        6,
        8,
        10,
        16,
        20,
        24,
        26,
        30,
        34,
        36,
        40,
        44,
        46,
        50,
        55,
        60,
        65,
        70
    ],
    "num_jobs": [
        40,
        40,
        40,
        40,
        40,
        40,
        40,
        40,
        40,
        40,
        40,
        40,
        40,
        40,
        40,
        40,
        40,
        40,
        40,
        40,
        40
    ],
    "num_threads": [
        1,
        1,
        1,
        1,
        1,
        1,
        1,
        1,
        1,
        1,
        1,
        1,
        1,
        1,
        1,
        1,
        1,
        1,
        1,
        1,
        1
    ],
    "exec_time": [
        72.205285,
        74.770822,
        78.102602,
        82.526999,
        83.251068,
        85.453327,
        86.129033,
        92.008423,
        108.540677,
        92.666671,
        94.381343,
        96.196099,
        102.819195,
        108.789178,
        102.40064,
        103.179713,
        103.382432,
        106.722609,
        107.043768,
        105.482449,
        104.112024
    ],
    "total_num_objects": [
        269819497,
        535653420,
        1102841370,
        1664145485,
        2221397935,
        2789510541,
        4523961708,
        5674283412,
        6873733669,
        7460234577,
        8573549865,
        9695695162,
        10294681506,
        11443057972,
        12622764469,
        13234892965,
        14362640773,
        15751062672,
        17232943212,
        18730784034,
        19668771763
    ],
    "accuracy": [
        0.16679,
        0.173351,
        0.170908,
        0.174704,
        0.175207,
        0.175815,
        0.175986,
        0.172382,
        0.170221,
        0.17172,
        0.171754,
        0.172566,
        0.169828,
        0.170393,
        0.170025,
        0.170978,
        0.170356,
        0.170867,
        0.171443,
        0.166778,
        0.170245
    ],
    "proportions": {
        "pre-symbolic-iteration": [
            0.06901756568096089,
            0.06628500085233785,
            0.06314249299914489,
            0.0648979493365559,
            0.06400580951105636,
            0.06163536499872029,
            0.06569790467750869,
            0.062458379489886494,
            0.055192045651235436,
            0.06573406527142861,
            0.06572568055108095,
            0.06471426663569797,
            0.06086715617643185,
            0.05721505681383124,
            0.06089001006243712,
            0.06170313732119025,
            0.061067628975878606,
            0.059934216938043565,
            0.059605889433936965,
            0.06131123292368761,
            0.05845963574774034
        ],
        "symbolic-iteration": [
            0.5156114265043064,
            0.5051532000009309,
            0.4895914223190668,
            0.4781609712961936,
            0.4758848619215311,
            0.45458819877194484,
            0.46062430539537114,
            0.43581702296973407,
            0.37651231897143966,
            0.43396000488676234,
            0.4236364172101259,
            0.4197295568087433,
            0.4028877195546999,
            0.3696670453746787,
            0.3999903223261105,
            0.39790268654846905,
            0.3960968919748377,
            0.38180919096533705,
            0.38174392366307586,
            0.38854343436792976,
            0.3903548739000598
        ],
        "collisions": [
            0.12193270894228865,
            0.12051332002208028,
            0.11674136029424473,
            0.11835005656754827,
            0.11660243205528606,
            0.11440261418961487,
            0.11931216039543832,
            0.12108358818409486,
            0.10283967548866496,
            0.13134631759891321,
            0.12883109747654256,
            0.11705306261951431,
            0.11031057965392552,
            0.10090656259945267,
            0.11010989775063906,
            0.1088651506522411,
            0.11229492066891984,
            0.11016273037328013,
            0.11179389724023917,
            0.11264107074343713,
            0.11092303805370261
        ],
        "pre-object-generation": [
            0.1239645962203459,
            0.12314032069889509,
            0.11781565228774325,
            0.11754112130019415,
            0.11770642990429865,
            0.11389947403686225,
            0.11859431882858827,
            0.11241565351033134,
            0.09730643194716761,
            0.114561070182396,
            0.11128811761027813,
            0.10757709623963026,
            0.10030861455392644,
            0.09377162496806438,
            0.10058687133205418,
            0.10248789895354718,
            0.09956520465682217,
            0.09542727726980513,
            0.09936702713977706,
            0.0994159511787596,
            0.09835401912847261
        ],
        "object-generation": [
            0.10137219180008776,
            0.09605438067806718,
            0.09029126840101948,
            0.08929128757002298,
            0.08885797116740893,
            0.08653143487321448,
            0.089292317957407,
            0.08614991694836462,
            0.07693898021292053,
            0.08437630180974129,
            0.0844419113637745,
            0.08396500569113514,
            0.08077006438340625,
            0.07493282098335186,
            0.0774173579383879,
            0.08076422930154883,
            0.08014435179857253,
            0.07464782837158714,
            0.07734759486418677,
            0.07877324691238445,
            0.07794045959571394
        ],
        "communication": [
            0.05336130173850847,
            0.0748243746738534,
            0.10314048179854494,
            0.11525838956048795,
            0.1154284050746352,
            0.14800213688578795,
            0.12543229180339224,
            0.16395050048841725,
            0.27334256446548605,
            0.15008942103898393,
            0.16440572370325351,
            0.18638787005281784,
            0.225922192835686,
            0.284123702083676,
            0.23137682537921636,
            0.2281410978532185,
            0.23003063034926477,
            0.25781240973972064,
            0.2528569715520478,
            0.23914093044995569,
            0.24360742424909537
        ]
    }
}