{
    "command": {
        "n_iter": "12",
        "n_node": "18",
        "rule": "step_erase_create"
    },
    "num_nodes": [
        1,
        2,
        4,
        6,
        8,
        10,
        14,
        16,
        20,
        24,
        26,
        30,
        34,
        36,
        40,
        44,
        46,
        50,
        55,
        60,
        65,
        70
    ],
    "num_jobs": [
        40,
        40,
        40,
        40,
        40,
        40,
        40,
        40,
        40,
        40,
        40,
        40,
        40,
        40,
        40,
        40,
        40,
        40,
        40,
        40,
        40,
        40
    ],
    "num_threads": [
        1,
        1,
        1,
        1,
        1,
        1,
        1,
        1,
        1,
        1,
        1,
        1,
        1,
        1,
        1,
        1,
        1,
        1,
        1,
        1,
        1,
        1
    ],
    "exec_time": [
        47.128144,
        50.310557,
        56.15502,
        57.63528,
        56.501796,
        58.752478,
        57.595029,
        71.779896,
        64.158522,
        77.051183,
        63.586957,
        68.255092,
        72.77835,
        86.391259,
        82.34711,
        81.637876,
        79.560042,
        82.688245,
        85.675143,
        83.655366,
        82.160149,
        85.421313
    ],
    "total_num_objects": [
        693514517,
        1362700869,
        2009267498,
        2683877828,
        3006600150,
        3592700234,
        4289481064,
        4568425778,
        5097128927,
        5461298814,
        5311699732,
        5689213642,
        6014926776,
        6140736993,
        6392720182,
        6720548777,
        6830089418,
        7106518084,
        7298542194,
        7570460587,
        7766260823,
        8004134660
    ],
    "total_num_symbolic": [
        2291115680,
        4831101440,
        10438918400,
        16215763920,
        22418784320,
        28272023600,
        39304727280,
        45592766720,
        57504530400,
        70488432960,
        78119321280,
        91009045200,
        103840377840,
        110703219840,
        123954998400,
        136819173920,
        143826998480,
        158265074000,
        172819202600,
        188137992000,
        202464818400,
        219807884800
    ],
    "accuracy": [
        0.363915,
        0.402429,
        0.480967,
        0.489876,
        0.544866,
        0.519054,
        0.558981,
        0.574325,
        0.592957,
        0.604245,
        0.583916,
        0.602816,
        0.616887,
        0.624483,
        0.63683,
        0.646136,
        0.653411,
        0.660993,
        0.671222,
        0.679822,
        0.68602,
        0.696785
    ],
    "min_memory_usage": [
        [
            0.844881,
            0.847204,
            0.844233,
            0.820734,
            0.841028
        ],
        [
            0.827986,
            0.806181,
            0.792816,
            0.782516,
            0.827591
        ],
        [
            0.763507,
            0.741305,
            0.709894,
            0.694556,
            0.727578
        ],
        [
            0.717751,
            0.671282,
            0.675959,
            0.666553,
            0.687639
        ],
        [
            0.694291,
            0.657892,
            0.640379,
            0.636092,
            0.660371
        ],
        [
            0.687875,
            0.653506,
            0.621721,
            0.615045,
            0.640363
        ],
        [
            0.661688,
            0.650624,
            0.628069,
            0.614066,
            0.631193
        ],
        [
            0.644259,
            0.638808,
            0.617116,
            0.603846,
            0.622529
        ],
        [
            0.626724,
            0.623068,
            0.606188,
            0.595416,
            0.612531
        ],
        [
            0.605948,
            0.605124,
            0.589394,
            0.579877,
            0.593825
        ],
        [
            0.577134,
            0.579926,
            0.56956,
            0.566316,
            0.572542
        ],
        [
            0.567458,
            0.569331,
            0.560757,
            0.558031,
            0.564887
        ],
        [
            0.559846,
            0.561841,
            0.555405,
            0.553528,
            0.557168
        ],
        [
            0.554569,
            0.556779,
            0.549344,
            0.547895,
            0.552175
        ],
        [
            0.547252,
            0.549513,
            0.542992,
            0.5418,
            0.546764
        ],
        [
            0.543346,
            0.546026,
            0.539974,
            0.538863,
            0.542121
        ],
        [
            0.538936,
            0.54128,
            0.536454,
            0.536277,
            0.539571
        ],
        [
            0.530109,
            0.53235,
            0.528603,
            0.528746,
            0.532233
        ],
        [
            0.531171,
            0.534132,
            0.531014,
            0.530898,
            0.533987
        ],
        [
            0.528888,
            0.531732,
            0.528579,
            0.528917,
            0.531469
        ],
        [
            0.513226,
            0.514732,
            0.511802,
            0.511435,
            0.515643
        ],
        [
            0.510069,
            0.511898,
            0.508968,
            0.509105,
            0.512513
        ]
    ],
    "avg_memory_usage": [
        [
            0.844888,
            0.847214,
            0.844251,
            0.820734,
            0.841028
        ],
        [
            0.832915,
            0.812107,
            0.799163,
            0.793174,
            0.83318
        ],
        [
            0.776669,
            0.748895,
            0.715322,
            0.70103,
            0.730222
        ],
        [
            0.746787,
            0.713808,
            0.683877,
            0.67791,
            0.69942
        ],
        [
            0.703745,
            0.672445,
            0.645762,
            0.640594,
            0.666982
        ],
        [
            0.701375,
            0.663435,
            0.631498,
            0.630874,
            0.653156
        ],
        [
            0.667513,
            0.657876,
            0.633414,
            0.621123,
            0.636915
        ],
        [
            0.648805,
            0.642913,
            0.622275,
            0.612065,
            0.627613
        ],
        [
            0.632621,
            0.628949,
            0.614302,
            0.607313,
            0.620172
        ],
        [
            0.615644,
            0.61259,
            0.60055,
            0.59288,
            0.603783
        ],
        [
            0.589029,
            0.588633,
            0.58068,
            0.580651,
            0.585497
        ],
        [
            0.581216,
            0.581123,
            0.575042,
            0.575433,
            0.580141
        ],
        [
            0.575307,
            0.575234,
            0.570775,
            0.570959,
            0.574454
        ],
        [
            0.5709,
            0.570608,
            0.566057,
            0.566304,
            0.570054
        ],
        [
            0.564482,
            0.564363,
            0.560651,
            0.56112,
            0.564277
        ],
        [
            0.562195,
            0.562246,
            0.558798,
            0.55964,
            0.562396
        ],
        [
            0.559421,
            0.559046,
            0.556412,
            0.557523,
            0.56024
        ],
        [
            0.551946,
            0.552006,
            0.55011,
            0.550938,
            0.554142
        ],
        [
            0.554329,
            0.553929,
            0.552372,
            0.553558,
            0.55601
        ],
        [
            0.554236,
            0.554368,
            0.553779,
            0.554715,
            0.557171
        ],
        [
            0.557241,
            0.557426,
            0.556808,
            0.557996,
            0.559765
        ],
        [
            0.552336,
            0.552851,
            0.552403,
            0.553583,
            0.555577
        ]
    ],
    "max_memory_usage": [
        [
            0.84489,
            0.847228,
            0.844261,
            0.820734,
            0.841028
        ],
        [
            0.837845,
            0.818047,
            0.805114,
            0.803832,
            0.838769
        ],
        [
            0.793473,
            0.75598,
            0.722741,
            0.710851,
            0.735311
        ],
        [
            0.77842,
            0.733344,
            0.692885,
            0.684356,
            0.703351
        ],
        [
            0.71752,
            0.688722,
            0.649258,
            0.653982,
            0.677183
        ],
        [
            0.710479,
            0.677787,
            0.636152,
            0.637973,
            0.660739
        ],
        [
            0.67312,
            0.666548,
            0.642963,
            0.639908,
            0.647196
        ],
        [
            0.655484,
            0.649012,
            0.633421,
            0.634107,
            0.641998
        ],
        [
            0.659145,
            0.650116,
            0.643606,
            0.643163,
            0.646466
        ],
        [
            0.647174,
            0.640453,
            0.638158,
            0.633546,
            0.643498
        ],
        [
            0.628277,
            0.630432,
            0.620029,
            0.623853,
            0.623967
        ],
        [
            0.625055,
            0.62156,
            0.617017,
            0.620405,
            0.624604
        ],
        [
            0.620295,
            0.618947,
            0.615342,
            0.618821,
            0.620876
        ],
        [
            0.616952,
            0.612869,
            0.613202,
            0.612156,
            0.619563
        ],
        [
            0.613349,
            0.611839,
            0.60997,
            0.614215,
            0.616621
        ],
        [
            0.609938,
            0.609197,
            0.608564,
            0.61165,
            0.612783
        ],
        [
            0.606916,
            0.605671,
            0.604841,
            0.606977,
            0.610042
        ],
        [
            0.602485,
            0.601926,
            0.600965,
            0.603738,
            0.606229
        ],
        [
            0.607464,
            0.605992,
            0.6062,
            0.608377,
            0.610876
        ],
        [
            0.606217,
            0.607641,
            0.608403,
            0.609721,
            0.612464
        ],
        [
            0.611628,
            0.609466,
            0.610675,
            0.61073,
            0.613782
        ],
        [
            0.605785,
            0.605142,
            0.606225,
            0.607456,
            0.608791
        ]
    ],
    "accuracy_evolution": [
        [
            0.199823,
            0.46023,
            0.580705,
            0.483854,
            0.247006
        ],
        [
            0.238645,
            0.483289,
            0.592067,
            0.536288,
            0.288215
        ],
        [
            0.285143,
            0.592011,
            0.662991,
            0.608893,
            0.37769
        ],
        [
            0.332066,
            0.560024,
            0.670814,
            0.600037,
            0.376897
        ],
        [
            0.357014,
            0.599007,
            0.701352,
            0.655701,
            0.488301
        ],
        [
            0.355009,
            0.571111,
            0.675462,
            0.613832,
            0.448178
        ],
        [
            0.385716,
            0.601161,
            0.705746,
            0.658938,
            0.506097
        ],
        [
            0.401662,
            0.615181,
            0.712773,
            0.682349,
            0.519958
        ],
        [
            0.431202,
            0.628805,
            0.729092,
            0.691955,
            0.535868
        ],
        [
            0.452511,
            0.630205,
            0.727549,
            0.69481,
            0.558764
        ],
        [
            0.467595,
            0.532821,
            0.654655,
            0.662656,
            0.628058
        ],
        [
            0.493778,
            0.553376,
            0.668204,
            0.676513,
            0.644444
        ],
        [
            0.515933,
            0.568713,
            0.677179,
            0.685556,
            0.655834
        ],
        [
            0.526417,
            0.577476,
            0.68299,
            0.691019,
            0.661965
        ],
        [
            0.548736,
            0.592655,
            0.689785,
            0.697827,
            0.669097
        ],
        [
            0.564507,
            0.602149,
            0.695407,
            0.704075,
            0.676688
        ],
        [
            0.576034,
            0.610228,
            0.700956,
            0.708736,
            0.68205
        ],
        [
            0.589896,
            0.618372,
            0.70454,
            0.713652,
            0.687966
        ],
        [
            0.606042,
            0.629793,
            0.711753,
            0.720396,
            0.69619
        ],
        [
            0.620582,
            0.639998,
            0.718104,
            0.726276,
            0.700984
        ],
        [
            0.634374,
            0.648766,
            0.722331,
            0.728279,
            0.701807
        ],
        [
            0.650634,
            0.66037,
            0.729837,
            0.735729,
            0.711913
        ]
    ],
    "proportions": {
        "pre-symbolic-iteration": [
            0.10353057824640836,
            0.09701816658479849,
            0.0835067105309552,
            0.06850411761684858,
            0.06234654912562425,
            0.06448956927399727,
            0.06356918406968767,
            0.07148971071231422,
            0.05361717964762343,
            0.041223027036457055,
            0.05081919551520605,
            0.050447283845137886,
            0.04713460802560101,
            0.04242291456824353,
            0.03954959682252359,
            0.038753017043216556,
            0.03796799152016537,
            0.03779411450805372,
            0.034024664540098865,
            0.03848830211322009,
            0.03411483589203325,
            0.03220463258390796
        ],
        "symbolic-iteration": [
            0.37417558815810786,
            0.36113245575873865,
            0.3648809135852859,
            0.36544494969053676,
            0.38974706219958033,
            0.3738269218193656,
            0.38004941363950007,
            0.36563721128824156,
            0.35040891372154737,
            0.30260371213249254,
            0.3585207261923228,
            0.33401338027644883,
            0.3173905838755619,
            0.27290635965844645,
            0.2841907991670868,
            0.28926138401738916,
            0.29846214761927853,
            0.2913525011928842,
            0.2784841222850366,
            0.28447979057314743,
            0.29224412677245754,
            0.28038966106737323
        ],
        "collisions": [
            0.237296720193352,
            0.24380527132704974,
            0.23860652173216215,
            0.25299318403588916,
            0.2573633765553222,
            0.24804889080593334,
            0.2519098306209725,
            0.22914149945271584,
            0.2145629383420023,
            0.18463238909647892,
            0.24780670035837696,
            0.2397792533925527,
            0.23519941026417884,
            0.203025713515762,
            0.21115639638112374,
            0.20536383136670533,
            0.20970569623379534,
            0.22200486901130873,
            0.18495422878955683,
            0.19144439580839323,
            0.19759729257550396,
            0.23315081799316292
        ],
        "pre-object-generation": [
            0.10879100182684895,
            0.08955945369477822,
            0.04291105229772869,
            0.03303775048893664,
            0.03278701087661001,
            0.03455779346021797,
            0.034915357018050985,
            0.032797707034849986,
            0.0304435784851777,
            0.022063905235562706,
            0.034801901276703656,
            0.035093791976721675,
            0.0335779253033354,
            0.03263043081708069,
            0.030351921275682897,
            0.02952813226056983,
            0.027121139528810206,
            0.026677298568859458,
            0.026311330463726218,
            0.0306775778137173,
            0.024881308333557187,
            0.022080660361659392
        ],
        "object-generation": [
            0.07855601103238864,
            0.0753153060897338,
            0.06265083691538174,
            0.05066237207488191,
            0.04786580589402857,
            0.05001608613001821,
            0.04891198162258066,
            0.04411543031491715,
            0.04278270313022485,
            0.03155551810281745,
            0.044537294023993,
            0.04427022089428873,
            0.042479047683823545,
            0.04056667353348792,
            0.037963651669135685,
            0.036064485558149506,
            0.03387036924892523,
            0.03350112219699427,
            0.032795066358978824,
            0.03708719653441,
            0.030995890720694773,
            0.02738046182923927
        ],
        "communication": [
            0.056671911374231075,
            0.10792846121739418,
            0.1787596015458636,
            0.20407819654905815,
            0.18533078134365855,
            0.20042734197526102,
            0.1930652209585657,
            0.20748826384479577,
            0.2833457884207494,
            0.39845384333683753,
            0.2422016043321589,
            0.27218820538693284,
            0.30393149885920745,
            0.3862831423720772,
            0.3765927304552643,
            0.38328810759358806,
            0.37296261105543416,
            0.3700997282019953,
            0.42432160282475395,
            0.3976344685408465,
            0.4012740410195702,
            0.388774567302659
        ]
    }
}